[ 2026-05-30 09:46:15,210 ] 32 root - INFO - Successfully connected to MongoDB
[ 2026-05-30 09:46:15,211 ] 58 root - ERROR - Error while converting CSV to JSON
Traceback (most recent call last):
  File "/Users/xenan.bilgin/Projects/MLops/mlops-project2-network-security/push_data.py", line 43, in csv_to_json_converter
    data = pd.read_csv(file_path)
           ^^^^^^^^^^^^^^^^^^^^^^
  File "/Users/xenan.bilgin/Projects/MLops/mlops-project2-network-security/venv/lib/python3.12/site-packages/pandas/io/parsers/readers.py", line 873, in read_csv
    return _read(filepath_or_buffer, kwds)
           ^^^^^^^^^^^^^^^^^^^^^^^^^^^^^^^
  File "/Users/xenan.bilgin/Projects/MLops/mlops-project2-network-security/venv/lib/python3.12/site-packages/pandas/io/parsers/readers.py", line 300, in _read
    parser = TextFileReader(filepath_or_buffer, **kwds)
             ^^^^^^^^^^^^^^^^^^^^^^^^^^^^^^^^^^^^^^^^^^
  File "/Users/xenan.bilgin/Projects/MLops/mlops-project2-network-security/venv/lib/python3.12/site-packages/pandas/io/parsers/readers.py", line 1645, in __init__
    self._engine = self._make_engine(f, self.engine)
                   ^^^^^^^^^^^^^^^^^^^^^^^^^^^^^^^^^
  File "/Users/xenan.bilgin/Projects/MLops/mlops-project2-network-security/venv/lib/python3.12/site-packages/pandas/io/parsers/readers.py", line 1904, in _make_engine
    self.handles = get_handle(
                   ^^^^^^^^^^^
  File "/Users/xenan.bilgin/Projects/MLops/mlops-project2-network-security/venv/lib/python3.12/site-packages/pandas/io/common.py", line 930, in get_handle
    handle = open(
             ^^^^^
FileNotFoundError: [Errno 2] No such file or directory: '/Users/xenan.bilgin/Projects/MLops/mlops-project2-network-security/data/phishingData.csv'
[ 2026-05-30 09:46:15,215 ] 108 root - ERROR - Application execution failed
Traceback (most recent call last):
  File "/Users/xenan.bilgin/Projects/MLops/mlops-project2-network-security/push_data.py", line 43, in csv_to_json_converter
    data = pd.read_csv(file_path)
           ^^^^^^^^^^^^^^^^^^^^^^
  File "/Users/xenan.bilgin/Projects/MLops/mlops-project2-network-security/venv/lib/python3.12/site-packages/pandas/io/parsers/readers.py", line 873, in read_csv
    return _read(filepath_or_buffer, kwds)
           ^^^^^^^^^^^^^^^^^^^^^^^^^^^^^^^
  File "/Users/xenan.bilgin/Projects/MLops/mlops-project2-network-security/venv/lib/python3.12/site-packages/pandas/io/parsers/readers.py", line 300, in _read
    parser = TextFileReader(filepath_or_buffer, **kwds)
             ^^^^^^^^^^^^^^^^^^^^^^^^^^^^^^^^^^^^^^^^^^
  File "/Users/xenan.bilgin/Projects/MLops/mlops-project2-network-security/venv/lib/python3.12/site-packages/pandas/io/parsers/readers.py", line 1645, in __init__
    self._engine = self._make_engine(f, self.engine)
                   ^^^^^^^^^^^^^^^^^^^^^^^^^^^^^^^^^
  File "/Users/xenan.bilgin/Projects/MLops/mlops-project2-network-security/venv/lib/python3.12/site-packages/pandas/io/parsers/readers.py", line 1904, in _make_engine
    self.handles = get_handle(
                   ^^^^^^^^^^^
  File "/Users/xenan.bilgin/Projects/MLops/mlops-project2-network-security/venv/lib/python3.12/site-packages/pandas/io/common.py", line 930, in get_handle
    handle = open(
             ^^^^^
FileNotFoundError: [Errno 2] No such file or directory: '/Users/xenan.bilgin/Projects/MLops/mlops-project2-network-security/data/phishingData.csv'

During handling of the above exception, another exception occurred:

Traceback (most recent call last):
  File "/Users/xenan.bilgin/Projects/MLops/mlops-project2-network-security/push_data.py", line 97, in <module>
    records = network_data.csv_to_json_converter(FILE_PATH)
              ^^^^^^^^^^^^^^^^^^^^^^^^^^^^^^^^^^^^^^^^^^^^^
  File "/Users/xenan.bilgin/Projects/MLops/mlops-project2-network-security/push_data.py", line 59, in csv_to_json_converter
    raise NetworkSecurityException(e, sys)
networksecurity.exceptions.exception.NetworkSecurityException: Error occured in python script name [/Users/xenan.bilgin/Projects/MLops/mlops-project2-network-security/push_data.py] line number [43] error message [[Errno 2] No such file or directory: '/Users/xenan.bilgin/Projects/MLops/mlops-project2-network-security/data/phishingData.csv']
